18:56:21: Creating resource group General
18:56:21: Creating resource group Internal
18:56:21: Creating resource group Autodetect
18:56:21: Registering ResourceManager for type Mesh
18:56:21: Registering ResourceManager for type Material
18:56:21: Registering ResourceManager for type Skeleton
18:56:21: XMLMeshSerializer reading mesh data from base.xml...
18:56:21: Reading submeshes...
18:56:21: Reading geometry...
18:56:21: Geometry done...
18:56:21: Reading geometry...
18:56:21: Geometry done...
18:56:21: Submeshes done.
18:56:21: XMLMeshSerializer import successful.
18:56:21: Reorganising vertex buffers to automatic layout..
18:56:21: MeshSerializer writing mesh data to base.mesh...
18:56:21: File header written.
18:56:21: Writing mesh data...
18:56:21: Writing submesh...
18:56:21: Exporting submesh texture aliases...
18:56:21: Submesh texture aliases exported.
18:56:21: Submesh exported.
18:56:21: Writing submesh...
18:56:21: Exporting submesh texture aliases...
18:56:21: Submesh texture aliases exported.
18:56:21: Submesh exported.
18:56:21: Exporting bounds information....
18:56:21: Bounds information exported.
18:56:21: Exporting submesh name table...
18:56:21: Submesh name table exported.
18:56:21: Exporting edge lists...
18:56:21: Edge lists exported
18:56:21: Mesh data exported.
18:56:21: MeshSerializer export successful.
18:56:21: Unregistering ResourceManager for type Skeleton
18:56:21: Unregistering ResourceManager for type Material
18:56:21: Unregistering ResourceManager for type Mesh
